Blackwater, PERSON
Guards, PERSON
Guilty, NNP
Iraq, GPE
Scott, PERSON
Nicholas, PERSON
Washington, GPE
Slatten, GPE
Iraqi, GPE
Blackwater, ORGANIZATION
Nicholas, PERSON
Washington, GPE
Slatten, GPE
Iraqi, GPE
Cliff, PERSON
Blackwater, ORGANIZATION
Iraqis, GPE
Nicholas, PERSON
Slatten, PERSON
Paul, PERSON
Evan, PERSON
Dustin, PERSON
Baghdad, GPE
Nisour, ORGANIZATION
Blackwater, ORGANIZATION
Xe, ORGANIZATION
Associated, ORGANIZATION
Court, ORGANIZATION
Royce, PERSON
Lamberth, NNP
Washington, ORGANIZATION
AP, ORGANIZATION
Washington, GPE
AP, ORGANIZATION
Slatten, PERSON
Help, NNS
Back, NNP
Syria, GSP
Iraq, GPE
ISIS, ORGANIZATION
BaghdadNBC, ORGANIZATION
Iraqi, GPE
ISIS, ORGANIZATION
Baghdad, GPE
Kurdish, GPE
ISIS, ORGANIZATION
Syrian, GPE
Kobani, GPE
Syrian, PERSON
Human, ORGANIZATION
Iraq, GPE
ISIS, ORGANIZATION
Jurf, GPE
Baghdad, GPE
Kurdish, GPE
Zumar, GPE
Iraqi, GPE
Ahmed, PERSON
Reuters, ORGANIZATION
ISIS, ORGANIZATION
Syria, GSP
ISIS, ORGANIZATION
Kobani, GPE
Turkey, GPE
Kurdish, GPE
Idris, PERSON
ISIS, ORGANIZATION
Syria, GSP
California, GPE
Marine, PERSON
Iraq, GPE
Islamic, ORGANIZATION
Share, PERSON
Facebook, PERSON
Twitter, PERSON
Google, PERSON
Share, NNP
Email, PERSON
Share, PERSON
LinkedIn, ORGANIZATION
Pinterest, PERSON
Persian, LOCATION
Islamic, ORGANIZATION
Iraq, GPE
Syria, GSP
Brian, PERSON
Missy, PERSON
Pentagon, ORGANIZATION
Iraq, GPE
Islamic, ORGANIZATION
Iraq, GPE
Syria, GSP
Marine, PERSON
Lance, ORGANIZATION
Neal, ORGANIZATION
California, GPE
Baghdad, GPE
Pentagon, FACILITY
Neal, PERSON
Marine, PERSON
Gulf, JJ
Pentagon, ORGANIZATION
Neal, PERSON
Iraq, GPE
Obama, ORGANIZATION
Iraq, GPE
Syria, GSP
Iraq, GPE
August, GPE
Marine, PERSON
Obama, ORGANIZATION
Iraq, GPE
United, GPE
Iraq, GPE
Obama, PERSON
Iraq, GPE
Iraq, GPE
Syria, GSP
Iraqi, GPE
West, LOCATION
Americans, GPE
Baghdad, GPE
Irbil, PERSON
Iraq, GPE
Iraqi, GPE
Islamic, ORGANIZATION
Missy, PERSON
Ryan, ORGANIZATION
Pentagon, FACILITY
Washington, ORGANIZATION
Marine, PERSON
Iraq, GPE
Gina, PERSON
Marine, PERSON
EDT, ORGANIZATION
AP, ORGANIZATION
Marine, GPE
Iraq, GPE
Islamic, ORGANIZATION
Cpl, PERSON
Baghdad, GPE
Defense, ORGANIZATION
Pentagon, FACILITY
Neal, GPE
Riverside, GPE
Marine, ORGANIZATION
Twentynine, GPE
Marine, ORGANIZATION
Marine, PERSON
Kuwait, GPE
Iraq, GPE
Los, GPE
Times, PERSON
USA, ORGANIZATION
Marine, PERSON
Department, NN
Neal, PERSON
American, GPE
Islamic, ORGANIZATION
Iraq, GPE
Syria, GSP
Iraqi, GPE
Marine, PERSON
Cpl, PERSON
Jordan, GPE
Spears, ORGANIZATION
Persian, LOCATION
Makin, PERSON
Marine, PERSON
Unit, NNP
Islamic, ORGANIZATION
Typhoon, ORGANIZATION
Iraq, GPE
Ministry, ORGANIZATION
Defence, GPE
RAF, ORGANIZATION
Isil, PERSON
Britain, GPE
Tornado, ORGANIZATION
Ben, PERSON
By, NNP
Farmer, NNP
Defence, PERSON
Ministry, ORGANIZATION
Defence, GPE
RAF, ORGANIZATION
Typhoon, ORGANIZATION
Isil, ORGANIZATION
Iraq, GPE
Britain, GPE
Islamist, ORGANIZATION
RAF, ORGANIZATION
Tornado, PERSON
Britain, GPE
Isil, GPE
Northern, GPE
America, GPE
MoD, ORGANIZATION
Tornados, ORGANIZATION
Reaper, NNS
RAF, ORGANIZATION
Syria, GSP
US, ORGANIZATION
Britain, GPE
Syria, GSP
Iraq, GPE
RAF, ORGANIZATION
Iraq, GPE
Tornado, PERSON
MoD, ORGANIZATION
Howard, PERSON
Typhoon, GPE
Brimstone, GPE
Defence, ORGANIZATION
Iraq, GPE
Afghanistan, GPE
Nigeria, GPE
Falklands, ORGANIZATION
Air, PERSON
Isil, ORGANIZATION
Tornados, ORGANIZATION
RAF, ORGANIZATION
Cyprus, GPE
Iraq, GPE
Iraq, GPE
Syria, GSP
Iraqi, GPE
Isil, PERSON
Isis, PERSON
Islamic, ORGANIZATION
Britain, GPE
RAF, ORGANIZATION
Tornados, ORGANIZATION
Paveway, PERSON
MoD, ORGANIZATION
Tornado, PERSON
Isil, GPE
Iraq, GPE
Typhoon, PERSON
Iraq, GPE
GR4, ORGANIZATION
Brimstone, GPE
Typhoon, ORGANIZATION
Iraqi, GPE
Kobani, GPE
ISIS, ORGANIZATION
Iraq, GPE
ISABEL, ORGANIZATION
AHMED, ORGANIZATION
Iraqi, GPE
Jurf, GPE
Reuters, ORGANIZATION
Iraqi, GPE
Syrian, GPE
Kobani, PERSON
Islamic, ORGANIZATION
State, ORGANIZATION
Kobani, PERSON
Syria, GSP
Iraqi, GPE
Qaeda, PERSON
Middle, GPE
Syrian, PERSON
Human, ORGANIZATION
Syria, GSP
Kobani, PERSON
Islamic, ORGANIZATION
Kurdish, GPE
Islamic, ORGANIZATION
Iraq, GPE
Syria, GSP
Kurdistan, PERSON
KRG, ORGANIZATION
Safeen, PERSON
Reuters, ORGANIZATION
State, ORGANIZATION
Kobani, PERSON
Turkey, GPE
Kurdish, GPE
Kurdish, GPE
Idris, PERSON
IRAQI, GPE
FORCES, ORGANIZATION
Iraqi, GPE
Islamic, ORGANIZATION
OPEC, ORGANIZATION
Iraqi, GPE
Himreen, ORGANIZATION
Islamic, ORGANIZATION
Kirkuk, GPE
Islamic, ORGANIZATION
Jurf, GPE
Baghdad, GPE
Kurdish, GPE
Zumar, GPE
Sunni, GPE
Iraq, GPE
Jurf, GPE
Iraqi, GPE
Roadside, GPE
Himreen, ORGANIZATION
Ahmed, PERSON
Reuters, ORGANIZATION
KOBANI, ORGANIZATION
Ankara, PERSON
Iraqi, GPE
Turkish, GPE
Kobani, PERSON
Kobani, PERSON
Islamic, ORGANIZATION
Islamic, ORGANIZATION
Syrian, GPE
Kurds, PERSON
Islamic, ORGANIZATION
Iraqi, GPE
Reuters, ORGANIZATION
Iraqi, GPE
Ankara, GPE
Kurds, PERSON
Syria, GSP
Fuad, PERSON
Hussein, PERSON
Hussein, PERSON
Kobani, GPE
Islamic, ORGANIZATION
Kobani, PERSON
Turkey, GPE
Ankara, GPE
Kobani, GPE
Dizayee, PERSON
Iraqi, GPE
Islamic, ORGANIZATION
Himreen, ORGANIZATION
Islamic, ORGANIZATION
Jalawla, GPE
Saadiya, PERSON
Baquba, GPE
Iraqi, GPE
Kurdish, GPE
Jalawla, ORGANIZATION
Saadiya, PERSON
Baghdad, GPE
Islamic, NN
Iraq, GPE
Iraqis, GPE
Baghdad, GPE
Iraq, GPE
Iraq, GPE
Amriyat, PERSON
Sunni, ORGANIZATION
Anbar, GPE
Baghdad, GPE
Sunni, ORGANIZATION
State, ORGANIZATION
Falluja, GPE
Islamic, ORGANIZATION
Amriyat, PERSON
Amriyat, PERSON
Reuters, ORGANIZATION
Falluja, GPE
Additional, ORGANIZATION
Dasha, PERSON
Mursitpinar, GPE
Michael, PERSON
Tom, PERSON
Iraq, GPE
Syria, GSP
US, GSP
Washington, GPE
US, ORGANIZATION
Islamic, ORGANIZATION
Iraq, GPE
Syria, GSP
US, ORGANIZATION
Command, NNP
Syria, GSP
Kurdish, GPE
Kobani, PERSON
CENTCOM, ORGANIZATION
US, GSP
Sunni, ORGANIZATION
Representational, S
AP, ORGANIZATION
Image, NNP
AP, ORGANIZATION
Kobani, PERSON
Turkey, GPE
Pentagon, FACILITY
Syria, GSP
Xinhua, PERSON
Iraq, GPE
Mosul, GPE
CENTCOM, ORGANIZATION
Baiji, GPE
US, ORGANIZATION
Fallujah, GPE
Iraq, GPE
France, GPE
Britain, GPE
Australia, GPE
Belgium, GPE
Netherlands, GPE
Syria, GSP
Saudi, GPE
United, ORGANIZATION
Emirates, NNP
Jordan, GPE
Bahrain, GPE
Sunni, ORGANIZATION
Iraq, GPE
Mosul, GPE
Saddam, PERSON
Syria, GSP
Iraq, GPE
Islamic, ORGANIZATION
Iraq, GPE
News, ORGANIZATION
Tags, PERSON
Iraq, GPE
Islamic, ORGANIZATION
Kurdish, GPE
Pentagon, GPE
Syria, GSP
Washington, GPE
US, ORGANIZATION
Islamic, ORGANIZATION
Iraq, GPE
Syria, GSP
US, ORGANIZATION
Command, NNP
Syria, GSP
Kurdish, GPE
Kobani, PERSON
CENTCOM, ORGANIZATION
US, GSP
Sunni, ORGANIZATION
Kobani, GPE
Turkey, GPE
Pentagon, FACILITY
Syria, GSP
Xinhua, PERSON
Iraq, GPE
Mosul, GPE
CENTCOM, ORGANIZATION
Baiji, GPE
US, ORGANIZATION
Fallujah, GPE
Iraq, GPE
France, GPE
Britain, GPE
Australia, GPE
Belgium, GPE
Netherlands, GPE
Syria, GSP
Saudi, GPE
United, ORGANIZATION
Emirates, NNP
Jordan, GPE
Bahrain, GPE
Sunni, ORGANIZATION
Iraq, GPE
Mosul, GPE
Saddam, PERSON
Syria, GSP
Iraq, GPE
Modified, PERSON
Inland, PERSON
Iraq, GPE
Inland, PERSON
Iraq, GPE
Baghdad, GPE
Iraq, GPE
Department, ORGANIZATION
Defense, ORGANIZATION
Marine, PERSON
Lance, ORGANIZATION
Marine, PERSON
Crisis, PERSON
Central, ORGANIZATION
Camp, FACILITY
Marine, GPE
Lance, PERSON
Neal, PERSON
Marines, ORGANIZATION
Washington, ORGANIZATION
Lance, PERSON
Neal, GPE
Iraq, GPE
Cpl, PERSON
Neal, GPE
Islamic, ORGANIZATION
Iraq, GPE
Syria, GSP
Operation, ORGANIZATION
Resolve, NNP
Washington, ORGANIZATION
